mode: set
github.com/funstat/funstat-cli/cmd/funstat/main.go:27.13,150.2 26 1
github.com/funstat/funstat-cli/cmd/funstat/main.go:152.19,153.19 1 0
github.com/funstat/funstat-cli/cmd/funstat/main.go:153.19,155.3 1 0
github.com/funstat/funstat-cli/cmd/funstat/main.go:155.8,161.3 4 0
github.com/funstat/funstat-cli/cmd/funstat/main.go:163.2,166.45 3 0
github.com/funstat/funstat-cli/cmd/funstat/main.go:166.45,168.3 1 0
github.com/funstat/funstat-cli/cmd/funstat/main.go:171.2,171.18 1 0
github.com/funstat/funstat-cli/cmd/funstat/main.go:171.18,173.3 1 0
github.com/funstat/funstat-cli/cmd/funstat/main.go:175.2,175.18 1 0
github.com/funstat/funstat-cli/cmd/funstat/main.go:175.18,178.3 2 0
github.com/funstat/funstat-cli/cmd/funstat/main.go:181.33,183.11 2 0
github.com/funstat/funstat-cli/cmd/funstat/main.go:183.11,185.3 1 0
github.com/funstat/funstat-cli/cmd/funstat/main.go:186.2,186.36 1 0
github.com/funstat/funstat-cli/cmd/funstat/main.go:189.64,194.16 4 0
github.com/funstat/funstat-cli/cmd/funstat/main.go:194.16,196.3 1 0
github.com/funstat/funstat-cli/cmd/funstat/main.go:198.2,198.26 1 0
github.com/funstat/funstat-cli/cmd/funstat/main.go:201.60,203.16 2 0
github.com/funstat/funstat-cli/cmd/funstat/main.go:203.16,205.3 1 0
github.com/funstat/funstat-cli/cmd/funstat/main.go:207.2,211.16 4 0
github.com/funstat/funstat-cli/cmd/funstat/main.go:211.16,213.3 1 0
github.com/funstat/funstat-cli/cmd/funstat/main.go:215.2,215.26 1 0
github.com/funstat/funstat-cli/cmd/funstat/main.go:218.63,220.16 2 0
github.com/funstat/funstat-cli/cmd/funstat/main.go:220.16,222.3 1 0
github.com/funstat/funstat-cli/cmd/funstat/main.go:224.2,228.16 4 0
github.com/funstat/funstat-cli/cmd/funstat/main.go:228.16,230.3 1 0
github.com/funstat/funstat-cli/cmd/funstat/main.go:232.2,232.26 1 0
github.com/funstat/funstat-cli/cmd/funstat/main.go:235.60,237.27 2 0
github.com/funstat/funstat-cli/cmd/funstat/main.go:237.27,239.17 2 0
github.com/funstat/funstat-cli/cmd/funstat/main.go:239.17,241.4 1 0
github.com/funstat/funstat-cli/cmd/funstat/main.go:242.3,242.32 1 0
github.com/funstat/funstat-cli/cmd/funstat/main.go:245.2,249.16 4 0
github.com/funstat/funstat-cli/cmd/funstat/main.go:249.16,251.3 1 0
github.com/funstat/funstat-cli/cmd/funstat/main.go:253.2,253.26 1 0
github.com/funstat/funstat-cli/cmd/funstat/main.go:256.61,258.16 2 0
github.com/funstat/funstat-cli/cmd/funstat/main.go:258.16,260.3 1 0
github.com/funstat/funstat-cli/cmd/funstat/main.go:262.2,266.16 4 0
github.com/funstat/funstat-cli/cmd/funstat/main.go:266.16,268.3 1 0
github.com/funstat/funstat-cli/cmd/funstat/main.go:270.2,270.26 1 0
github.com/funstat/funstat-cli/cmd/funstat/main.go:273.66,275.16 2 0
github.com/funstat/funstat-cli/cmd/funstat/main.go:275.16,277.3 1 0
github.com/funstat/funstat-cli/cmd/funstat/main.go:279.2,285.16 5 0
github.com/funstat/funstat-cli/cmd/funstat/main.go:285.16,287.3 1 0
github.com/funstat/funstat-cli/cmd/funstat/main.go:289.2,290.12 2 0
github.com/funstat/funstat-cli/cmd/funstat/main.go:293.63,295.16 2 0
github.com/funstat/funstat-cli/cmd/funstat/main.go:295.16,297.3 1 0
github.com/funstat/funstat-cli/cmd/funstat/main.go:299.2,310.18 7 0
github.com/funstat/funstat-cli/cmd/funstat/main.go:310.18,312.3 1 0
github.com/funstat/funstat-cli/cmd/funstat/main.go:313.2,313.24 1 0
github.com/funstat/funstat-cli/cmd/funstat/main.go:313.24,315.3 1 0
github.com/funstat/funstat-cli/cmd/funstat/main.go:316.2,316.20 1 0
github.com/funstat/funstat-cli/cmd/funstat/main.go:316.20,318.3 1 0
github.com/funstat/funstat-cli/cmd/funstat/main.go:320.2,324.16 4 0
github.com/funstat/funstat-cli/cmd/funstat/main.go:324.16,326.3 1 0
github.com/funstat/funstat-cli/cmd/funstat/main.go:328.2,328.26 1 0
github.com/funstat/funstat-cli/cmd/funstat/main.go:331.68,333.16 2 0
github.com/funstat/funstat-cli/cmd/funstat/main.go:333.16,335.3 1 0
github.com/funstat/funstat-cli/cmd/funstat/main.go:337.2,341.16 4 0
github.com/funstat/funstat-cli/cmd/funstat/main.go:341.16,343.3 1 0
github.com/funstat/funstat-cli/cmd/funstat/main.go:345.2,346.12 2 0
github.com/funstat/funstat-cli/cmd/funstat/main.go:349.60,351.16 2 0
github.com/funstat/funstat-cli/cmd/funstat/main.go:351.16,353.3 1 0
github.com/funstat/funstat-cli/cmd/funstat/main.go:355.2,359.16 4 0
github.com/funstat/funstat-cli/cmd/funstat/main.go:359.16,361.3 1 0
github.com/funstat/funstat-cli/cmd/funstat/main.go:363.2,363.26 1 0
github.com/funstat/funstat-cli/cmd/funstat/main.go:366.64,368.16 2 0
github.com/funstat/funstat-cli/cmd/funstat/main.go:368.16,370.3 1 0
github.com/funstat/funstat-cli/cmd/funstat/main.go:372.2,376.16 4 0
github.com/funstat/funstat-cli/cmd/funstat/main.go:376.16,378.3 1 0
github.com/funstat/funstat-cli/cmd/funstat/main.go:380.2,380.26 1 0
github.com/funstat/funstat-cli/cmd/funstat/main.go:383.60,385.16 2 0
github.com/funstat/funstat-cli/cmd/funstat/main.go:385.16,387.3 1 0
github.com/funstat/funstat-cli/cmd/funstat/main.go:389.2,393.16 4 0
github.com/funstat/funstat-cli/cmd/funstat/main.go:393.16,395.3 1 0
github.com/funstat/funstat-cli/cmd/funstat/main.go:398.2,399.54 2 0
github.com/funstat/funstat-cli/cmd/funstat/main.go:399.54,401.3 1 0
github.com/funstat/funstat-cli/cmd/funstat/main.go:402.2,402.24 1 0
github.com/funstat/funstat-cli/cmd/funstat/main.go:405.37,409.2 3 0
github.com/funstat/funstat-cli/cmd/funstat/main.go:411.13,412.42 1 0
github.com/funstat/funstat-cli/cmd/funstat/main.go:412.42,415.3 2 0
github.com/funstat/funstat-cli/examples/basic_usage.go:13.13,16.18 2 0
github.com/funstat/funstat-cli/examples/basic_usage.go:16.18,18.3 1 0
github.com/funstat/funstat-cli/examples/basic_usage.go:21.2,26.16 4 0
github.com/funstat/funstat-cli/examples/basic_usage.go:26.16,28.3 1 0
github.com/funstat/funstat-cli/examples/basic_usage.go:28.8,33.43 4 0
github.com/funstat/funstat-cli/examples/basic_usage.go:33.43,37.4 1 0
github.com/funstat/funstat-cli/examples/basic_usage.go:41.2,41.33 1 0
github.com/funstat/funstat-cli/examples/basic_usage.go:41.33,44.17 3 0
github.com/funstat/funstat-cli/examples/basic_usage.go:44.17,46.4 1 0
github.com/funstat/funstat-cli/examples/basic_usage.go:46.9,47.28 1 0
github.com/funstat/funstat-cli/examples/basic_usage.go:47.28,55.5 5 0
github.com/funstat/funstat-cli/examples/basic_usage.go:60.2,60.33 1 0
github.com/funstat/funstat-cli/examples/basic_usage.go:60.33,63.17 3 0
github.com/funstat/funstat-cli/examples/basic_usage.go:63.17,65.4 1 0
github.com/funstat/funstat-cli/examples/basic_usage.go:65.9,67.4 1 0
github.com/funstat/funstat-cli/examples/basic_usage.go:71.2,71.33 1 0
github.com/funstat/funstat-cli/examples/basic_usage.go:71.33,74.17 3 0
github.com/funstat/funstat-cli/examples/basic_usage.go:74.17,76.4 1 0
github.com/funstat/funstat-cli/examples/basic_usage.go:76.9,78.4 1 0
github.com/funstat/funstat-cli/examples/basic_usage.go:82.2,83.16 2 0
github.com/funstat/funstat-cli/examples/basic_usage.go:83.16,85.3 1 0
github.com/funstat/funstat-cli/examples/basic_usage.go:85.8,87.39 2 0
github.com/funstat/funstat-cli/examples/basic_usage.go:87.39,91.4 1 0
github.com/funstat/funstat-cli/examples/basic_usage.go:95.31,96.14 1 0
github.com/funstat/funstat-cli/examples/basic_usage.go:96.14,98.3 1 0
github.com/funstat/funstat-cli/examples/basic_usage.go:99.2,99.11 1 0
github.com/funstat/funstat-cli/examples/basic_usage.go:102.31,105.2 2 0
github.com/funstat/funstat-cli/pkg/client/client.go:28.53,29.25 1 1
github.com/funstat/funstat-cli/pkg/client/client.go:29.25,31.3 1 1
github.com/funstat/funstat-cli/pkg/client/client.go:35.41,36.25 1 1
github.com/funstat/funstat-cli/pkg/client/client.go:36.25,38.3 1 1
github.com/funstat/funstat-cli/pkg/client/client.go:42.35,43.25 1 1
github.com/funstat/funstat-cli/pkg/client/client.go:43.25,45.3 1 1
github.com/funstat/funstat-cli/pkg/client/client.go:49.49,58.27 2 1
github.com/funstat/funstat-cli/pkg/client/client.go:58.27,60.3 1 1
github.com/funstat/funstat-cli/pkg/client/client.go:62.2,62.10 1 1
github.com/funstat/funstat-cli/pkg/client/client.go:66.122,68.16 2 1
github.com/funstat/funstat-cli/pkg/client/client.go:68.16,70.3 1 0
github.com/funstat/funstat-cli/pkg/client/client.go:72.2,73.18 2 1
github.com/funstat/funstat-cli/pkg/client/client.go:73.18,75.3 1 1
github.com/funstat/funstat-cli/pkg/client/client.go:77.2,78.17 2 1
github.com/funstat/funstat-cli/pkg/client/client.go:78.17,80.17 2 0
github.com/funstat/funstat-cli/pkg/client/client.go:80.17,82.4 1 0
github.com/funstat/funstat-cli/pkg/client/client.go:83.3,83.38 1 0
github.com/funstat/funstat-cli/pkg/client/client.go:86.2,87.16 2 1
github.com/funstat/funstat-cli/pkg/client/client.go:87.16,89.3 1 0
github.com/funstat/funstat-cli/pkg/client/client.go:91.2,92.17 2 1
github.com/funstat/funstat-cli/pkg/client/client.go:92.17,94.3 1 0
github.com/funstat/funstat-cli/pkg/client/client.go:96.2,96.13 1 1
github.com/funstat/funstat-cli/pkg/client/client.go:96.13,98.3 1 0
github.com/funstat/funstat-cli/pkg/client/client.go:100.2,101.16 2 1
github.com/funstat/funstat-cli/pkg/client/client.go:101.16,103.3 1 1
github.com/funstat/funstat-cli/pkg/client/client.go:104.2,107.16 3 1
github.com/funstat/funstat-cli/pkg/client/client.go:107.16,109.3 1 0
github.com/funstat/funstat-cli/pkg/client/client.go:111.2,111.13 1 1
github.com/funstat/funstat-cli/pkg/client/client.go:111.13,114.3 2 0
github.com/funstat/funstat-cli/pkg/client/client.go:116.2,116.28 1 1
github.com/funstat/funstat-cli/pkg/client/client.go:116.28,118.60 2 1
github.com/funstat/funstat-cli/pkg/client/client.go:118.60,121.4 1 1
github.com/funstat/funstat-cli/pkg/client/client.go:122.3,122.66 1 0
github.com/funstat/funstat-cli/pkg/client/client.go:125.2,125.22 1 1
github.com/funstat/funstat-cli/pkg/client/client.go:129.31,130.14 1 1
github.com/funstat/funstat-cli/pkg/client/client.go:130.14,132.3 1 0
github.com/funstat/funstat-cli/pkg/client/client.go:133.2,133.11 1 1
github.com/funstat/funstat-cli/pkg/client/client.go:139.74,142.2 2 1
github.com/funstat/funstat-cli/pkg/client/client.go:147.87,151.2 3 0
github.com/funstat/funstat-cli/pkg/client/client.go:154.113,156.37 2 1
github.com/funstat/funstat-cli/pkg/client/client.go:156.37,160.3 2 1
github.com/funstat/funstat-cli/pkg/client/client.go:162.2,163.16 2 1
github.com/funstat/funstat-cli/pkg/client/client.go:163.16,165.3 1 1
github.com/funstat/funstat-cli/pkg/client/client.go:167.2,168.58 2 1
github.com/funstat/funstat-cli/pkg/client/client.go:168.58,170.3 1 0
github.com/funstat/funstat-cli/pkg/client/client.go:172.2,172.21 1 1
github.com/funstat/funstat-cli/pkg/client/client.go:176.101,179.16 3 1
github.com/funstat/funstat-cli/pkg/client/client.go:179.16,181.3 1 1
github.com/funstat/funstat-cli/pkg/client/client.go:183.2,184.58 2 1
github.com/funstat/funstat-cli/pkg/client/client.go:184.58,186.3 1 0
github.com/funstat/funstat-cli/pkg/client/client.go:188.2,188.21 1 1
github.com/funstat/funstat-cli/pkg/client/client.go:192.95,195.16 3 1
github.com/funstat/funstat-cli/pkg/client/client.go:195.16,197.3 1 1
github.com/funstat/funstat-cli/pkg/client/client.go:199.2,200.58 2 1
github.com/funstat/funstat-cli/pkg/client/client.go:200.58,202.3 1 0
github.com/funstat/funstat-cli/pkg/client/client.go:204.2,204.21 1 1
github.com/funstat/funstat-cli/pkg/client/client.go:208.106,210.29 2 1
github.com/funstat/funstat-cli/pkg/client/client.go:210.29,212.3 1 1
github.com/funstat/funstat-cli/pkg/client/client.go:214.2,215.16 2 1
github.com/funstat/funstat-cli/pkg/client/client.go:215.16,217.3 1 0
github.com/funstat/funstat-cli/pkg/client/client.go:219.2,220.58 2 1
github.com/funstat/funstat-cli/pkg/client/client.go:220.58,222.3 1 0
github.com/funstat/funstat-cli/pkg/client/client.go:224.2,224.21 1 1
github.com/funstat/funstat-cli/pkg/client/client.go:228.110,234.16 5 1
github.com/funstat/funstat-cli/pkg/client/client.go:234.16,236.3 1 0
github.com/funstat/funstat-cli/pkg/client/client.go:238.2,239.57 2 1
github.com/funstat/funstat-cli/pkg/client/client.go:239.57,241.3 1 0
github.com/funstat/funstat-cli/pkg/client/client.go:243.2,243.19 1 1
github.com/funstat/funstat-cli/pkg/client/client.go:256.135,260.25 3 1
github.com/funstat/funstat-cli/pkg/client/client.go:260.25,262.3 1 1
github.com/funstat/funstat-cli/pkg/client/client.go:263.2,263.30 1 1
github.com/funstat/funstat-cli/pkg/client/client.go:263.30,265.3 1 1
github.com/funstat/funstat-cli/pkg/client/client.go:266.2,266.27 1 1
github.com/funstat/funstat-cli/pkg/client/client.go:266.27,268.3 1 1
github.com/funstat/funstat-cli/pkg/client/client.go:269.2,273.16 4 1
github.com/funstat/funstat-cli/pkg/client/client.go:273.16,275.3 1 0
github.com/funstat/funstat-cli/pkg/client/client.go:277.2,278.58 2 1
github.com/funstat/funstat-cli/pkg/client/client.go:278.58,280.3 1 0
github.com/funstat/funstat-cli/pkg/client/client.go:282.2,282.21 1 1
github.com/funstat/funstat-cli/pkg/client/client.go:286.89,290.16 3 1
github.com/funstat/funstat-cli/pkg/client/client.go:290.16,292.3 1 0
github.com/funstat/funstat-cli/pkg/client/client.go:294.2,295.57 2 1
github.com/funstat/funstat-cli/pkg/client/client.go:295.57,297.3 1 0
github.com/funstat/funstat-cli/pkg/client/client.go:299.2,299.19 1 1
github.com/funstat/funstat-cli/pkg/client/client.go:303.104,307.16 3 1
github.com/funstat/funstat-cli/pkg/client/client.go:307.16,309.3 1 0
github.com/funstat/funstat-cli/pkg/client/client.go:311.2,312.58 2 1
github.com/funstat/funstat-cli/pkg/client/client.go:312.58,314.3 1 0
github.com/funstat/funstat-cli/pkg/client/client.go:316.2,316.21 1 1
github.com/funstat/funstat-cli/pkg/client/client.go:320.103,324.16 3 1
github.com/funstat/funstat-cli/pkg/client/client.go:324.16,326.3 1 0
github.com/funstat/funstat-cli/pkg/client/client.go:328.2,329.58 2 1
github.com/funstat/funstat-cli/pkg/client/client.go:329.58,331.3 1 0
github.com/funstat/funstat-cli/pkg/client/client.go:333.2,333.21 1 1
github.com/funstat/funstat-cli/pkg/client/client.go:337.107,341.16 3 1
github.com/funstat/funstat-cli/pkg/client/client.go:341.16,343.3 1 0
github.com/funstat/funstat-cli/pkg/client/client.go:345.2,346.58 2 1
github.com/funstat/funstat-cli/pkg/client/client.go:346.58,348.3 1 0
github.com/funstat/funstat-cli/pkg/client/client.go:350.2,350.21 1 1
